<?xml version="1.0" encoding="UTF-8"?><testsuite errors="1" failures="0" name="I as a Utest user" skipped="0" tests="1" time="31.17" timestamp="2022-04-19 12:04:11"><testcase name="Verify a successful registration in Utest"><error message="No such field pruebautes.model.UtestData.getStrVerificationText" type="cucumber.runtime.CucumberException">No such field pruebautes.model.UtestData.getStrVerificationText</error><system-err>No such field pruebautes.model.UtestData.getStrVerificationText&#13;
cucumber.runner.Runner.runPickle(Runner.java:80)&#13;
</system-err></testcase></testsuite>