<?xml version="1.0" encoding="UTF-8"?><testsuite errors="1" failures="0" name="I as a Utest user" skipped="0" tests="1" time="10.61" timestamp="2022-04-13 10:28:11"><testcase name="Verify a successful registration in Utest"><error message="No such field model.UtestData.firstName" type="cucumber.runtime.CucumberException">No such field model.UtestData.firstName</error><system-err>No such field model.UtestData.firstName&#13;
cucumber.runner.Runner.runPickle(Runner.java:80)&#13;
</system-err></testcase></testsuite>