<?xml version="1.0" encoding="UTF-8"?><testsuite errors="0" failures="1" name="I as a Utest user" skipped="0" tests="1" time="19.69" timestamp="2022-04-13 05:03:31"><testcase name="Verify a successful registration in Utest"><failure message="The following error occurred: Expected enabled element was not enabled" type="net.thucydides.core.webdriver.exceptions.ElementShouldBeEnabledException">The following error occurred: Expected enabled element was not enabled</failure><system-err>The following error occurred: Expected enabled element was not enabled&#13;
pruebautes.tasks.FillForm.performAs(FillForm.java:31)&#13;
pruebautes.stepdefinitions.UtestStepDefinitions.youFillOutTheRegistrationForm(UtestStepDefinitions.java:30)&#13;
cucumber.runner.Runner.runPickle(Runner.java:80)&#13;
</system-err></testcase></testsuite>